# JRE version: OpenJDK Runtime Environment (8.0_152-b01) (build 1.8.0_152-release-915-b01)
# Java VM: OpenJDK 64-Bit Server VM (25.152-b01 mixed mode windows-amd64 compressed oops)
Heap:
 PSYoungGen      total 381440K, used 165395K [0x00000000e0000000, 0x00000000ff880000, 0x0000000100000000)
  eden space 367104K, 41% used [0x00000000e0000000,0x00000000e93f2c10,0x00000000f6680000)
  from space 14336K, 96% used [0x00000000f6680000,0x00000000f74121f8,0x00000000f7480000)
  to   space 74752K, 0% used [0x00000000faf80000,0x00000000faf80000,0x00000000ff880000)
 ParOldGen       total 299008K, used 83294K [0x00000000a0000000, 0x00000000b2400000, 0x00000000e0000000)
  object space 299008K, 27% used [0x00000000a0000000,0x00000000a51578a8,0x00000000b2400000)
 Metaspace       used 91423K, capacity 103458K, committed 103640K, reserved 1138688K
  class space    used 11131K, capacity 14228K, committed 14336K, reserved 1048576K
GC Heap History (10 events):
Event: 13451.945 GC heap before
{Heap before GC invocations=71 (full 4):
 PSYoungGen      total 428544K, used 390571K [0x00000000e0000000, 0x00000000ff300000, 0x0000000100000000)
  eden space 363520K, 100% used [0x00000000e0000000,0x00000000f6300000,0x00000000f6300000)
  from space 65024K, 41% used [0x00000000fb380000,0x00000000fcdeaf98,0x00000000ff300000)
  to   space 73728K, 0% used [0x00000000f6300000,0x00000000f6300000,0x00000000fab00000)
 ParOldGen       total 299008K, used 79580K [0x00000000a0000000, 0x00000000b2400000, 0x00000000e0000000)
  object space 299008K, 26% used [0x00000000a0000000,0x00000000a4db7360,0x00000000b2400000)
 Metaspace       used 90188K, capacity 101472K, committed 101720K, reserved 1136640K
  class space    used 10995K, capacity 13862K, committed 13952K, reserved 1048576K
Event: 13451.954 GC heap after
Heap after GC invocations=71 (full 4):
 PSYoungGen      total 437248K, used 12622K [0x00000000e0000000, 0x00000000ff880000, 0x0000000100000000)
  eden space 363520K, 0% used [0x00000000e0000000,0x00000000e0000000,0x00000000f6300000)
  from space 73728K, 17% used [0x00000000f6300000,0x00000000f6f53b80,0x00000000fab00000)
  to   space 71680K, 0% used [0x00000000fb280000,0x00000000fb280000,0x00000000ff880000)
 ParOldGen       total 299008K, used 79668K [0x00000000a0000000, 0x00000000b2400000, 0x00000000e0000000)
  object space 299008K, 26% used [0x00000000a0000000,0x00000000a4dcd360,0x00000000b2400000)
 Metaspace       used 90188K, capacity 101472K, committed 101720K, reserved 1136640K
  class space    used 10995K, capacity 13862K, committed 13952K, reserved 1048576K
}
Event: 13470.860 GC heap before
{Heap before GC invocations=72 (full 4):
 PSYoungGen      total 437248K, used 376142K [0x00000000e0000000, 0x00000000ff880000, 0x0000000100000000)
  eden space 363520K, 100% used [0x00000000e0000000,0x00000000f6300000,0x00000000f6300000)
  from space 73728K, 17% used [0x00000000f6300000,0x00000000f6f53b80,0x00000000fab00000)
  to   space 71680K, 0% used [0x00000000fb280000,0x00000000fb280000,0x00000000ff880000)
 ParOldGen       total 299008K, used 79668K [0x00000000a0000000, 0x00000000b2400000, 0x00000000e0000000)
  object space 299008K, 26% used [0x00000000a0000000,0x00000000a4dcd360,0x00000000b2400000)
 Metaspace       used 90514K, capacity 101970K, committed 102232K, reserved 1138688K
  class space    used 11028K, capacity 13944K, committed 13952K, reserved 1048576K
Event: 13470.870 GC heap after
Heap after GC invocations=72 (full 4):
 PSYoungGen      total 438784K, used 7689K [0x00000000e0000000, 0x00000000ff400000, 0x0000000100000000)
  eden space 371712K, 0% used [0x00000000e0000000,0x00000000e0000000,0x00000000f6b00000)
  from space 67072K, 11% used [0x00000000fb280000,0x00000000fba025e8,0x00000000ff400000)
  to   space 70144K, 0% used [0x00000000f6b00000,0x00000000f6b00000,0x00000000faf80000)
 ParOldGen       total 299008K, used 82810K [0x00000000a0000000, 0x00000000b2400000, 0x00000000e0000000)
  object space 299008K, 27% used [0x00000000a0000000,0x00000000a50deb18,0x00000000b2400000)
 Metaspace       used 90514K, capacity 101970K, committed 102232K, reserved 1138688K
  class space    used 11028K, capacity 13944K, committed 13952K, reserved 1048576K
}
Event: 13546.483 GC heap before
{Heap before GC invocations=73 (full 4):
 PSYoungGen      total 438784K, used 379401K [0x00000000e0000000, 0x00000000ff400000, 0x0000000100000000)
  eden space 371712K, 100% used [0x00000000e0000000,0x00000000f6b00000,0x00000000f6b00000)
  from space 67072K, 11% used [0x00000000fb280000,0x00000000fba025e8,0x00000000ff400000)
  to   space 70144K, 0% used [0x00000000f6b00000,0x00000000f6b00000,0x00000000faf80000)
 ParOldGen       total 299008K, used 82810K [0x00000000a0000000, 0x00000000b2400000, 0x00000000e0000000)
  object space 299008K, 27% used [0x00000000a0000000,0x00000000a50deb18,0x00000000b2400000)
 Metaspace       used 90853K, capacity 102398K, committed 102616K, reserved 1138688K
  class space    used 11062K, capacity 14024K, committed 14080K, reserved 1048576K
Event: 13546.535 GC heap after
Heap after GC invocations=73 (full 4):
 PSYoungGen      total 441856K, used 61366K [0x00000000e0000000, 0x0000000100000000, 0x0000000100000000)
  eden space 371712K, 0% used [0x00000000e0000000,0x00000000e0000000,0x00000000f6b00000)
  from space 70144K, 87% used [0x00000000f6b00000,0x00000000fa6edb78,0x00000000faf80000)
  to   space 79360K, 0% used [0x00000000fb280000,0x00000000fb280000,0x0000000100000000)
 ParOldGen       total 299008K, used 83006K [0x00000000a0000000, 0x00000000b2400000, 0x00000000e0000000)
  object space 299008K, 27% used [0x00000000a0000000,0x00000000a510fb88,0x00000000b2400000)
 Metaspace       used 90853K, capacity 102398K, committed 102616K, reserved 1138688K
  class space    used 11062K, capacity 14024K, committed 14080K, reserved 1048576K
}
Event: 13629.175 GC heap before
{Heap before GC invocations=74 (full 4):
 PSYoungGen      total 441856K, used 433078K [0x00000000e0000000, 0x0000000100000000, 0x0000000100000000)
  eden space 371712K, 100% used [0x00000000e0000000,0x00000000f6b00000,0x00000000f6b00000)
  from space 70144K, 87% used [0x00000000f6b00000,0x00000000fa6edb78,0x00000000faf80000)
  to   space 79360K, 0% used [0x00000000fb280000,0x00000000fb280000,0x0000000100000000)
 ParOldGen       total 299008K, used 83006K [0x00000000a0000000, 0x00000000b2400000, 0x00000000e0000000)
  object space 299008K, 27% used [0x00000000a0000000,0x00000000a510fb88,0x00000000b2400000)
 Metaspace       used 91028K, capacity 102768K, committed 103000K, reserved 1138688K
  class space    used 11095K, capacity 14146K, committed 14208K, reserved 1048576K
Event: 13629.181 GC heap after
Heap after GC invocations=74 (full 4):
 PSYoungGen      total 446464K, used 8006K [0x00000000e0000000, 0x0000000100000000, 0x0000000100000000)
  eden space 367104K, 0% used [0x00000000e0000000,0x00000000e0000000,0x00000000f6680000)
  from space 79360K, 10% used [0x00000000fb280000,0x00000000fba51898,0x0000000100000000)
  to   space 77824K, 0% used [0x00000000f6680000,0x00000000f6680000,0x00000000fb280000)
 ParOldGen       total 299008K, used 83102K [0x00000000a0000000, 0x00000000b2400000, 0x00000000e0000000)
  object space 299008K, 27% used [0x00000000a0000000,0x00000000a5127b88,0x00000000b2400000)
 Metaspace       used 91028K, capacity 102768K, committed 103000K, reserved 1138688K
  class space    used 11095K, capacity 14146K, committed 14208K, reserved 1048576K
}
Event: 13632.054 GC heap before
{Heap before GC invocations=75 (full 4):
 PSYoungGen      total 446464K, used 375078K [0x00000000e0000000, 0x0000000100000000, 0x0000000100000000)
  eden space 367104K, 99% used [0x00000000e0000000,0x00000000f66780c8,0x00000000f6680000)
  from space 79360K, 10% used [0x00000000fb280000,0x00000000fba51898,0x0000000100000000)
  to   space 77824K, 0% used [0x00000000f6680000,0x00000000f6680000,0x00000000fb280000)
 ParOldGen       total 299008K, used 83102K [0x00000000a0000000, 0x00000000b2400000, 0x00000000e0000000)
  object space 299008K, 27% used [0x00000000a0000000,0x00000000a5127b88,0x00000000b2400000)
 Metaspace       used 91316K, capacity 103210K, committed 103256K, reserved 1138688K
  class space    used 11118K, capacity 14188K, committed 14208K, reserved 1048576K
Event: 13632.062 GC heap after
Heap after GC invocations=75 (full 4):
 PSYoungGen      total 381440K, used 13896K [0x00000000e0000000, 0x00000000ff880000, 0x0000000100000000)
  eden space 367104K, 0% used [0x00000000e0000000,0x00000000e0000000,0x00000000f6680000)
  from space 14336K, 96% used [0x00000000f6680000,0x00000000f74121f8,0x00000000f7480000)
  to   space 74752K, 0% used [0x00000000faf80000,0x00000000faf80000,0x00000000ff880000)
 ParOldGen       total 299008K, used 83294K [0x00000000a0000000, 0x00000000b2400000, 0x00000000e0000000)
  object space 299008K, 27% used [0x00000000a0000000,0x00000000a51578a8,0x00000000b2400000)
 Metaspace       used 91316K, capacity 103210K, committed 103256K, reserved 1138688K
  class space    used 11118K, capacity 14188K, committed 14208K, reserved 1048576K
}

